<?xml version="1.0" encoding="utf-8"?><testsuites name="pytest tests"><testsuite name="pytest" errors="0" failures="0" skipped="0" tests="11" time="0.271" timestamp="2026-04-16T21:17:30.442045+02:00" hostname="DESKTOP-LUOJC47"><testcase classname="tests.test_cli_surface" name="test_version_reports_package_version" time="0.076" /><testcase classname="tests.test_cli_surface" name="test_root_help_is_available" time="0.047" /><testcase classname="tests.test_cli_surface" name="test_root_callback_bootstraps_shared_state" time="0.014" /><testcase classname="tests.test_cli_surface" name="test_track_help_includes_usage_example" time="0.012" /><testcase classname="tests.test_cli_surface" name="test_config_help_lists_show_and_set" time="0.006" /><testcase classname="tests.test_cli_surface" name="test_config_without_subcommand_defaults_to_show" time="0.016" /><testcase classname="tests.test_cli_surface" name="test_workplaces_without_session_shows_auth_error" time="0.008" /><testcase classname="tests.test_cli_surface" name="test_config_show_prints_defaults_and_local_paths" time="0.015" /><testcase classname="tests.test_cli_surface" name="test_config_set_persists_allowed_keys" time="0.013" /><testcase classname="tests.test_cli_surface" name="test_config_set_persists_pause_defaults" time="0.014" /><testcase classname="tests.test_cli_surface" name="test_config_set_rejects_unknown_keys_with_friendly_error" time="0.017" /></testsuite></testsuites>